<?xml version="1.0" encoding="UTF-8"?>
<testng-results ignored="0" total="2" passed="2" failed="0" skipped="0">
  <reporter-output>
  </reporter-output>
  <suite started-at="2023-10-29T11:40:39 IST" name="Suite" finished-at="2023-10-29T11:41:39 IST" duration-ms="59604">
    <groups>
    </groups>
    <test started-at="2023-10-29T11:40:39 IST" name="Test" finished-at="2023-10-29T11:41:39 IST" duration-ms="59604">
      <class name="leads_Module.ToCreateLeadTest">
        <test-method is-config="true" signature="bsConfig()[pri:0, instance:leads_Module.ToCreateLeadTest@66982506]" started-at="2023-10-29T11:40:39 IST" name="bsConfig" finished-at="2023-10-29T11:40:39 IST" duration-ms="601" status="PASS">
          <reporter-output>
          </reporter-output>
        </test-method> <!-- bsConfig -->
        <test-method is-config="true" signature="bcConfig()[pri:0, instance:leads_Module.ToCreateLeadTest@66982506]" started-at="2023-10-29T11:40:39 IST" name="bcConfig" finished-at="2023-10-29T11:40:47 IST" duration-ms="7756" status="PASS">
          <reporter-output>
          </reporter-output>
        </test-method> <!-- bcConfig -->
        <test-method is-config="true" signature="bmConfig()[pri:0, instance:leads_Module.ToCreateLeadTest@66982506]" started-at="2023-10-29T11:40:47 IST" name="bmConfig" finished-at="2023-10-29T11:40:53 IST" duration-ms="6400" status="PASS">
          <reporter-output>
          </reporter-output>
        </test-method> <!-- bmConfig -->
        <test-method signature="toCreateALeadAndToVerifyTheLeadInformationTest()[pri:0, instance:leads_Module.ToCreateLeadTest@66982506]" started-at="2023-10-29T11:40:53 IST" name="toCreateALeadAndToVerifyTheLeadInformationTest" finished-at="2023-10-29T11:41:17 IST" duration-ms="23534" status="PASS">
          <reporter-output>
          </reporter-output>
        </test-method> <!-- toCreateALeadAndToVerifyTheLeadInformationTest -->
        <test-method is-config="true" signature="amConfig()[pri:0, instance:leads_Module.ToCreateLeadTest@66982506]" started-at="2023-10-29T11:41:17 IST" name="amConfig" finished-at="2023-10-29T11:41:19 IST" duration-ms="1595" status="PASS">
          <reporter-output>
          </reporter-output>
        </test-method> <!-- amConfig -->
        <test-method is-config="true" signature="acConfig()[pri:0, instance:leads_Module.ToCreateLeadTest@66982506]" started-at="2023-10-29T11:41:19 IST" name="acConfig" finished-at="2023-10-29T11:41:19 IST" duration-ms="324" status="PASS">
          <reporter-output>
          </reporter-output>
        </test-method> <!-- acConfig -->
        <test-method is-config="true" signature="asConfig()[pri:0, instance:leads_Module.ToCreateLeadTest@66982506]" started-at="2023-10-29T11:41:39 IST" name="asConfig" finished-at="2023-10-29T11:41:39 IST" duration-ms="3" status="PASS">
          <reporter-output>
          </reporter-output>
        </test-method> <!-- asConfig -->
      </class> <!-- leads_Module.ToCreateLeadTest -->
      <class name="product_Module.ToCreateAProductTest">
        <test-method is-config="true" signature="bcConfig()[pri:0, instance:product_Module.ToCreateAProductTest@4d1bf319]" started-at="2023-10-29T11:41:19 IST" name="bcConfig" finished-at="2023-10-29T11:41:21 IST" duration-ms="2137" status="PASS">
          <reporter-output>
          </reporter-output>
        </test-method> <!-- bcConfig -->
        <test-method is-config="true" signature="bmConfig()[pri:0, instance:product_Module.ToCreateAProductTest@4d1bf319]" started-at="2023-10-29T11:41:21 IST" name="bmConfig" finished-at="2023-10-29T11:41:23 IST" duration-ms="2180" status="PASS">
          <reporter-output>
          </reporter-output>
        </test-method> <!-- bmConfig -->
        <test-method signature="toCreateAProductWithVendorInformationTest()[pri:0, instance:product_Module.ToCreateAProductTest@4d1bf319]" started-at="2023-10-29T11:41:23 IST" name="toCreateAProductWithVendorInformationTest" finished-at="2023-10-29T11:41:38 IST" duration-ms="14291" status="PASS">
          <reporter-output>
          </reporter-output>
        </test-method> <!-- toCreateAProductWithVendorInformationTest -->
        <test-method is-config="true" signature="amConfig()[pri:0, instance:product_Module.ToCreateAProductTest@4d1bf319]" started-at="2023-10-29T11:41:38 IST" name="amConfig" finished-at="2023-10-29T11:41:39 IST" duration-ms="1119" status="PASS">
          <reporter-output>
          </reporter-output>
        </test-method> <!-- amConfig -->
        <test-method is-config="true" signature="acConfig()[pri:0, instance:product_Module.ToCreateAProductTest@4d1bf319]" started-at="2023-10-29T11:41:39 IST" name="acConfig" finished-at="2023-10-29T11:41:39 IST" duration-ms="205" status="PASS">
          <reporter-output>
          </reporter-output>
        </test-method> <!-- acConfig -->
      </class> <!-- product_Module.ToCreateAProductTest -->
    </test> <!-- Test -->
  </suite> <!-- Suite -->
</testng-results>
