<?xml version="1.0" encoding="UTF-8"?>
<!-- Generated by org.testng.reporters.JUnitXMLReporter -->
<testsuite ignored="4" hostname="TYSS-Akash-Deb" failures="0" tests="3" name="Test" time="69.431" errors="0" timestamp="2023-10-20T14:51:51 IST">
  <testcase classname="opportunity_Module.ToCreateAnOpportunity" name="createOpportunity" time="0.024"/>
  <testcase classname="leads_Module.ToCreateLeadTest" name="toCreateALeadAndToVerifyTheLeadInformationTest" time="13.173"/>
  <testcase classname="product_Module.ToCreateAProductTest" name="toCreateAProductWithVendorInformationTest" time="23.575"/>
  <testcase classname="genericUtility.BaseClass" name="@BeforeSuite bsConfig" time="0.0">
    <ignored/>
  </testcase> <!-- @BeforeSuite bsConfig -->
  <testcase classname="genericUtility.BaseClass" name="@AfterSuite asConfig" time="0.0">
    <ignored/>
  </testcase> <!-- @AfterSuite asConfig -->
  <testcase classname="genericUtility.BaseClass" name="@AfterSuite asConfig" time="0.0">
    <ignored/>
  </testcase> <!-- @AfterSuite asConfig -->
  <testcase classname="genericUtility.BaseClass" name="@BeforeSuite bsConfig" time="0.0">
    <ignored/>
  </testcase> <!-- @BeforeSuite bsConfig -->
</testsuite> <!-- Test -->
